<?xml version="1.0" encoding="UTF-8" ?>
<testsuite errors="0" failures="0" hostname="PC301153" name="com.junit.single_Test" skipped="0" tests="2" time="0.386" timestamp="2018-03-30T04:56:54">
  <properties>
    <property name="java.vendor" value="Oracle Corporation" />
    <property name="coverage.summaryxml.dir" value="reports/cobertura-summary-xml" />
    <property name="sun.java.launcher" value="SUN_STANDARD" />
    <property name="eclipse.pdebuild.templates" value="/C:/Eclipse Neon RC2/eclipse-jee-neon-RC2-win32-x86_64/eclipse/plugins/org.eclipse.pde.build_3.9.200.v20160204-0642/templates/" />
    <property name="sun.management.compiler" value="HotSpot 64-Bit Tiered Compilers" />
    <property name="os.name" value="Windows 7" />
    <property name="sun.boot.class.path" value="C:\Program Files\Java\jre1.8.0_121\lib\resources.jar;C:\Program Files\Java\jre1.8.0_121\lib\rt.jar;C:\Program Files\Java\jre1.8.0_121\lib\sunrsasign.jar;C:\Program Files\Java\jre1.8.0_121\lib\jsse.jar;C:\Program Files\Java\jre1.8.0_121\lib\jce.jar;C:\Program Files\Java\jre1.8.0_121\lib\charsets.jar;C:\Program Files\Java\jre1.8.0_121\lib\jfr.jar;C:\Program Files\Java\jre1.8.0_121\classes" />
    <property name="reports.html.dir" value="reports/junit-html" />
    <property name="sun.desktop" value="windows" />
    <property name="java.vm.specification.vendor" value="Oracle Corporation" />
    <property name="ant.home" value="C:\Eclipse Neon RC2\eclipse-jee-neon-RC2-win32-x86_64\eclipse\plugins\org.apache.ant_1.9.6.v201510161327" />
    <property name="java.runtime.version" value="1.8.0_121-b13" />
    <property name="cobertura.dir" value="D:\Cobertura\cobertura-2.1.1" />
    <property name="user.name" value="670336" />
    <property name="user.language" value="en" />
    <property name="sun.boot.library.path" value="C:\Program Files\Java\jre1.8.0_121\bin" />
    <property name="reports.dir" value="reports" />
    <property name="ant.project.default-target" value="coverage" />
    <property name="ant.project.name" value="cobertura.examples.basic" />
    <property name="ant.file.cobertura.examples.basic" value="C:\Users\670336\git\mypro\cobertura\build.xml" />
    <property name="java.version" value="1.8.0_121" />
    <property name="coverage.html.dir" value="reports/cobertura-html" />
    <property name="user.timezone" value="" />
    <property name="sun.arch.data.model" value="64" />
    <property name="java.endorsed.dirs" value="C:\Program Files\Java\jre1.8.0_121\lib\endorsed" />
    <property name="sun.cpu.isalist" value="amd64" />
    <property name="sun.jnu.encoding" value="Cp1252" />
    <property name="file.encoding.pkg" value="sun.io" />
    <property name="file.separator" value="\" />
    <property name="java.specification.name" value="Java Platform API Specification" />
    <property name="classes.dir" value="bin" />
    <property name="java.class.version" value="52.0" />
    <property name="user.country" value="US" />
    <property name="java.home" value="C:\Program Files\Java\jre1.8.0_121" />
    <property name="java.vm.info" value="mixed mode" />
    <property name="ant.file.type.cobertura.examples.basic" value="file" />
    <property name="ant.file" value="C:\Users\670336\git\mypro\cobertura\build.xml" />
    <property name="os.version" value="6.1" />
    <property name="path.separator" value=";" />
    <property name="java.vm.version" value="25.121-b13" />
    <property name="user.variant" value="" />
    <property name="ant.library.dir" value="C:\Eclipse Neon RC2\eclipse-jee-neon-RC2-win32-x86_64\eclipse\plugins\org.apache.ant_1.9.6.v201510161327\lib" />
    <property name="java.awt.printerjob" value="sun.awt.windows.WPrinterJob" />
    <property name="sun.io.unicode.encoding" value="UnicodeLittle" />
    <property name="awt.toolkit" value="sun.awt.windows.WToolkit" />
    <property name="user.script" value="" />
    <property name="eclipse.pdebuild.scripts" value="/C:/Eclipse Neon RC2/eclipse-jee-neon-RC2-win32-x86_64/eclipse/plugins/org.eclipse.pde.build_3.9.200.v20160204-0642/scripts/" />
    <property name="reports.xml.dir" value="reports/junit-xml" />
    <property name="user.home" value="C:\Users\670336" />
    <property name="java.specification.vendor" value="Oracle Corporation" />
    <property name="coverage.xml.dir" value="reports/cobertura-xml" />
    <property name="java.library.path" value="C:\Program Files\Java\jre1.8.0_121\bin;C:\WINDOWS\Sun\Java\bin;C:\WINDOWS\system32;C:\WINDOWS;C:/Program Files/Java/jre1.8.0_121/bin/server;C:/Program Files/Java/jre1.8.0_121/bin;C:/Program Files/Java/jre1.8.0_121/lib/amd64;C:\Program Files (x86)\Python34\;C:\Program Files (x86)\Python34\Scripts;C:\WINDOWS\system32;C:\WINDOWS;C:\WINDOWS\System32\Wbem;C:\WINDOWS\System32\WindowsPowerShell\v1.0\;D:\zookeeper-3.3.6\bin;C:\Program Files\Java\jdk1.8.0_102\bin;C:\Program Files\Java\jdk1.8.0_102\bin;D:\tomcat\apache-tomcat-8.5.24\bin;C:\Program Files\Java\jdk1.8.0_102\bin;D:\Apache Ant\apache-ant-1.10.1\bin;D:\sonar-scanner\sonar-scanner-3.0.3.778\bin;C:\Program Files\nodejs\;C:\Program Files\Microsoft\Web Platform Installer\;C:\Program Files (x86)\Microsoft ASP.NET\ASP.NET Web Pages\v1.0\;C:\Program Files (x86)\Windows Kits\8.0\Windows Performance Toolkit\;C:\Program Files\Microsoft SQL Server\110\Tools\Binn\;C:\PostgreSQL\pg10\bin;C:\Eclipse Neon RC2\eclipse-jee-neon-RC2-win32-x86_64\eclipse;;." />
    <property name="java.vendor.url" value="http://java.oracle.com/" />
    <property name="java.vm.vendor" value="Oracle Corporation" />
    <property name="java.runtime.name" value="Java(TM) SE Runtime Environment" />
    <property name="sun.java.command" value="org.apache.tools.ant.taskdefs.optional.junit.JUnitTestRunner com.junit.single_Test skipNonTests=false filtertrace=true haltOnError=false haltOnFailure=false showoutput=false outputtoformatters=true logfailedtests=true threadid=0 logtestlistenerevents=false formatter=org.apache.tools.ant.taskdefs.optional.junit.XMLJUnitResultFormatter,C:\Users\670336\git\mypro\cobertura\reports\junit-xml\TEST-com.junit.single_Test.xml crashfile=C:\Users\670336\git\mypro\cobertura\junitvmwatcher4740180751003982610.properties propsfile=C:\Users\670336\git\mypro\cobertura\junit948578775842588198.properties" />
    <property name="java.class.path" value="C:\Users\670336\git\mypro\cobertura\instrumented;C:\Users\670336\git\mypro\cobertura\bin;D:\Cobertura\cobertura-2.1.1\cobertura-2.1.1-javadoc.jar;D:\Cobertura\cobertura-2.1.1\cobertura-2.1.1-sources.jar;D:\Cobertura\cobertura-2.1.1\cobertura-2.1.1.jar;D:\Cobertura\cobertura-2.1.1\lib\asm-5.0.1.jar;D:\Cobertura\cobertura-2.1.1\lib\asm-analysis-5.0.1.jar;D:\Cobertura\cobertura-2.1.1\lib\asm-commons-5.0.1.jar;D:\Cobertura\cobertura-2.1.1\lib\asm-tree-5.0.1.jar;D:\Cobertura\cobertura-2.1.1\lib\asm-util-5.0.1.jar;D:\Cobertura\cobertura-2.1.1\lib\commons-lang3-3.3.2.jar;D:\Cobertura\cobertura-2.1.1\lib\hamcrest-core-1.3.jar;D:\Cobertura\cobertura-2.1.1\lib\jaxen-1.1.4.jar;D:\Cobertura\cobertura-2.1.1\lib\jetty-6.1.14.jar;D:\Cobertura\cobertura-2.1.1\lib\jetty-util-6.1.14.jar;D:\Cobertura\cobertura-2.1.1\lib\junit-4.11.jar;D:\Cobertura\cobertura-2.1.1\lib\logback-classic-1.0.13.jar;D:\Cobertura\cobertura-2.1.1\lib\logback-core-1.0.13.jar;D:\Cobertura\cobertura-2.1.1\lib\oro-2.0.8.jar;D:\Cobertura\cobertura-2.1.1\lib\servlet-api-2.5-6.1.14.jar;D:\Cobertura\cobertura-2.1.1\lib\slf4j-api-1.7.5.jar;C:\Eclipse Neon RC2\eclipse-jee-neon-RC2-win32-x86_64\eclipse\plugins\org.apache.ant_1.9.6.v201510161327\lib\ant-launcher.jar;C:\Eclipse Neon RC2\eclipse-jee-neon-RC2-win32-x86_64\eclipse\plugins\org.apache.ant_1.9.6.v201510161327\lib\ant.jar;C:\Eclipse Neon RC2\eclipse-jee-neon-RC2-win32-x86_64\eclipse\plugins\org.apache.ant_1.9.6.v201510161327\lib\ant-junit.jar;C:\Eclipse Neon RC2\eclipse-jee-neon-RC2-win32-x86_64\eclipse\plugins\org.apache.ant_1.9.6.v201510161327\lib\ant-junit4.jar" />
    <property name="ant.version" value="Apache Ant(TM) version 1.9.6 compiled on June 29 2015" />
    <property name="java.vm.specification.name" value="Java Virtual Machine Specification" />
    <property name="java.vm.specification.version" value="1.8" />
    <property name="sun.cpu.endian" value="little" />
    <property name="sun.os.patch.level" value="Service Pack 1" />
    <property name="eclipse.pdebuild.home" value="/C:/Eclipse Neon RC2/eclipse-jee-neon-RC2-win32-x86_64/eclipse/plugins/org.eclipse.pde.build_3.9.200.v20160204-0642/./" />
    <property name="java.io.tmpdir" value="C:\Users\670336\AppData\Local\Temp\" />
    <property name="java.vendor.url.bug" value="http://bugreport.sun.com/bugreport/" />
    <property name="os.arch" value="amd64" />
    <property name="java.awt.graphicsenv" value="sun.awt.Win32GraphicsEnvironment" />
    <property name="instrumented.dir" value="instrumented" />
    <property name="java.ext.dirs" value="C:\Program Files\Java\jre1.8.0_121\lib\ext;C:\WINDOWS\Sun\Java\lib\ext" />
    <property name="user.dir" value="C:\Users\670336\git\mypro\cobertura" />
    <property name="line.separator" value="&#xd;&#xa;" />
    <property name="java.vm.name" value="Java HotSpot(TM) 64-Bit Server VM" />
    <property name="basedir" value="C:\Users\670336\git\mypro\cobertura" />
    <property name="ant.java.version" value="1.8" />
    <property name="ant.core.lib" value="C:\Eclipse Neon RC2\eclipse-jee-neon-RC2-win32-x86_64\eclipse\plugins\org.apache.ant_1.9.6.v201510161327\lib\ant.jar" />
    <property name="file.encoding" value="Cp1252" />
    <property name="java.specification.version" value="1.8" />
    <property name="src.dir" value="src" />
    <property name="ant.project.invoked-targets" value="coverage" />
  </properties>
  <testcase classname="com.junit.single_Test" name="test_junit2" time="0.322" />
  <testcase classname="com.junit.single_Test" name="test_junit" time="0.0" />
  <system-out><![CDATA[10:26:54,260 |-INFO in ch.qos.logback.classic.LoggerContext[default] - Could NOT find resource [logback.groovy]
10:26:54,260 |-INFO in ch.qos.logback.classic.LoggerContext[default] - Could NOT find resource [logback-test.xml]
10:26:54,260 |-INFO in ch.qos.logback.classic.LoggerContext[default] - Found resource [logback.xml] at [jar:file:/D:/Cobertura/cobertura-2.1.1/cobertura-2.1.1-sources.jar!/logback.xml]
10:26:54,261 |-WARN in ch.qos.logback.classic.LoggerContext[default] - Resource [logback.xml] occurs multiple times on the classpath.
10:26:54,261 |-WARN in ch.qos.logback.classic.LoggerContext[default] - Resource [logback.xml] occurs at [jar:file:/D:/Cobertura/cobertura-2.1.1/cobertura-2.1.1-sources.jar!/logback.xml]
10:26:54,261 |-WARN in ch.qos.logback.classic.LoggerContext[default] - Resource [logback.xml] occurs at [jar:file:/D:/Cobertura/cobertura-2.1.1/cobertura-2.1.1.jar!/logback.xml]
10:26:54,278 |-INFO in ch.qos.logback.core.joran.spi.ConfigurationWatchList@7ca48474 - URL [jar:file:/D:/Cobertura/cobertura-2.1.1/cobertura-2.1.1-sources.jar!/logback.xml] is not of type file
10:26:54,326 |-INFO in ch.qos.logback.classic.joran.action.ConfigurationAction - debug attribute not set
10:26:54,328 |-INFO in ch.qos.logback.core.joran.action.AppenderAction - About to instantiate appender of type [ch.qos.logback.core.ConsoleAppender]
10:26:54,335 |-INFO in ch.qos.logback.core.joran.action.AppenderAction - Naming appender as [STDOUT]
10:26:54,351 |-INFO in ch.qos.logback.core.joran.action.NestedComplexPropertyIA - Assuming default type [ch.qos.logback.classic.encoder.PatternLayoutEncoder] for [encoder] property
10:26:54,387 |-INFO in ch.qos.logback.classic.joran.action.LoggerAction - Setting level of logger [net.sourceforge.cobertura] to INFO
10:26:54,387 |-INFO in ch.qos.logback.classic.joran.action.RootLoggerAction - Setting level of ROOT logger to DEBUG
10:26:54,387 |-INFO in ch.qos.logback.core.joran.action.AppenderRefAction - Attaching appender named [STDOUT] to Logger[ROOT]
10:26:54,388 |-INFO in ch.qos.logback.classic.joran.action.ConfigurationAction - End of configuration.
10:26:54,389 |-INFO in ch.qos.logback.classic.joran.JoranConfigurator@337d0578 - Registering current configuration as safe fallback point

]]></system-out>
  <system-err><![CDATA[]]></system-err>
</testsuite>
